<?xml version="1.0" encoding="UTF-8"?>
<robot generator="Robot 3.1.2 (Python 3.8.1 on win32)" generated="20200123 11:00:38.366" rpa="false">
<suite id="s1" name="AttenuatorControl" source="D:\robotframework-3.1.2\robotframework-3.1.2\robot5g\NR\AttenuatorControl\AttenuatorControl.robot">
<test id="s1-t1" name="AttenyatorControl">
<kw name="Connection">
<kw name="Open Connection" library="Telnet">
<doc>Opens a new Telnet connection to the given host and port.</doc>
<arguments>
<arg>172.21.6.13</arg>
<arg>port=4001</arg>
<arg>timeout=3</arg>
</arguments>
<msg timestamp="20200123 11:00:38.399" level="INFO">Opening connection to 172.21.6.13:4001 with prompt: (&gt; |# )</msg>
<status status="PASS" starttime="20200123 11:00:38.399" endtime="20200123 11:00:38.405"></status>
</kw>
<kw name="Sleep" library="BuiltIn">
<doc>Pauses the test executed for the given time.</doc>
<arguments>
<arg>10</arg>
</arguments>
<msg timestamp="20200123 11:00:48.405" level="INFO">Slept 10 seconds</msg>
<status status="PASS" starttime="20200123 11:00:38.405" endtime="20200123 11:00:48.405"></status>
</kw>
<kw name="Read Until" library="Telnet">
<doc>Reads output until ``expected`` text is encountered.</doc>
<arguments>
<arg>SHX, SHX8X8-95, S/N8X8, Rev.17.01.09</arg>
</arguments>
<msg timestamp="20200123 11:00:48.408" level="INFO">SHX, SHX8X8-95, S/N8X8, Rev.17.01.09</msg>
<status status="PASS" starttime="20200123 11:00:48.406" endtime="20200123 11:00:48.408"></status>
</kw>
<status status="PASS" starttime="20200123 11:00:38.399" endtime="20200123 11:00:48.408"></status>
</kw>
<kw name="Read any">
<arguments>
<arg>A1</arg>
</arguments>
<kw name="Read one">
<arguments>
<arg>R${PORT}</arg>
<arg>${PORT}</arg>
</arguments>
<kw name="Write" library="Telnet">
<doc>Writes the given text plus a newline into the connection.</doc>
<arguments>
<arg>${COMMAND}</arg>
</arguments>
<status status="PASS" starttime="20200123 11:00:48.417" endtime="20200123 11:00:48.418"></status>
</kw>
<kw name="Sleep" library="BuiltIn">
<doc>Pauses the test executed for the given time.</doc>
<arguments>
<arg>2</arg>
</arguments>
<msg timestamp="20200123 11:00:50.420" level="INFO">Slept 2 seconds</msg>
<status status="PASS" starttime="20200123 11:00:48.418" endtime="20200123 11:00:50.420"></status>
</kw>
<kw name="Read" library="Telnet">
<doc>Reads everything that is currently available in the output.</doc>
<assign>
<var>${ReadResult}</var>
</assign>
<msg timestamp="20200123 11:00:50.424" level="INFO">SHX, SHX8X8-95, S/N8X8, Rev.17.01.09
SHX, SHX8X8-95, S/N8X8, Rev.17.01.09
SHX, SHX8X8-95, S/N8X8, Rev.17.01.09
SHX, SHX8X8-95, S/N8X8, Rev.17.01.09
SHX, SHX8X8-95, S/N8X8, Rev.17.01.09
SHX, SHX8X8-95, S/N8X8, Rev.17.01.09
SHX, SHX8X8-95, S/N8X8, Rev.17.01.09
SHX, SHX8X8-95, S/N8X8, Rev.17.01.09
&gt;&gt;A1:16.0;
SHX, SHX8X8-95, S/N8X8, Rev.17.01.09
SHX, SHX8X8-95, S/N8X8, Rev.17.01.09
SHX, SHX8X8-95, S/N8X8, Rev.17.01.09</msg>
<msg timestamp="20200123 11:00:50.425" level="INFO">${ReadResult} = SHX, SHX8X8-95, S/N8X8, Rev.17.01.09
SHX, SHX8X8-95, S/N8X8, Rev.17.01.09
SHX, SHX8X8-95, S/N8X8, Rev.17.01.09
SHX, SHX8X8-95, S/N8X8, Rev.17.01.09
SHX, SHX8X8-95, S/N8X8, Rev.17.01.09
SHX, SHX8X...</msg>
<status status="PASS" starttime="20200123 11:00:50.421" endtime="20200123 11:00:50.425"></status>
</kw>
<kw name="Log To Console" library="BuiltIn">
<doc>Logs the given message to the console.</doc>
<arguments>
<arg>${ReadResult}</arg>
</arguments>
<status status="PASS" starttime="20200123 11:00:50.425" endtime="20200123 11:00:50.428"></status>
</kw>
<status status="PASS" starttime="20200123 11:00:48.416" endtime="20200123 11:00:50.428"></status>
</kw>
<status status="PASS" starttime="20200123 11:00:48.414" endtime="20200123 11:00:50.429"></status>
</kw>
<status status="PASS" starttime="20200123 11:00:38.398" endtime="20200123 11:00:50.431" critical="yes"></status>
</test>
<doc>Case name:AttenuatorControl
"Author: licx@certusnet.com.cn"
History:
2020.01.18 First Template.</doc>
<status status="PASS" starttime="20200123 11:00:38.368" endtime="20200123 11:00:50.436"></status>
</suite>
<statistics>
<total>
<stat pass="1" fail="0">Critical Tests</stat>
<stat pass="1" fail="0">All Tests</stat>
</total>
<tag>
</tag>
<suite>
<stat pass="1" fail="0" id="s1" name="AttenuatorControl">AttenuatorControl</stat>
</suite>
</statistics>
<errors>
</errors>
</robot>
