<?xml version="1.0" encoding="UTF-8"?>
<robot generator="Robot 3.1.2 (Python 3.5.2 on linux)" rpa="false" generated="20191114 14:48:58.798">
<suite name="NR" source="/home/robot5g/NR" id="s1">
<suite name="UeSim" source="/home/robot5g/NR/UeSim" id="s1-s1">
<suite name="SetupTlForManual" source="/home/robot5g/NR/UeSim/SetupTlForManual" id="s1-s1-s1">
<suite name="Helloworld" source="/home/robot5g/NR/UeSim/SetupTlForManual/helloworld.robot" id="s1-s1-s1-s1">
<test name="helloworld" id="s1-s1-s1-s1-t1">
<kw name="Case Scenario Execution">
<msg level="TRACE" timestamp="20191114 14:48:58.949">Arguments: [  ]</msg>
<kw name="Log To Console" library="BuiltIn">
<doc>Logs the given message to the console.</doc>
<arguments>
<arg>hello world</arg>
</arguments>
<msg level="TRACE" timestamp="20191114 14:48:58.949">Arguments: [ 'hello world' ]</msg>
<msg level="TRACE" timestamp="20191114 14:48:58.950">Return: None</msg>
<status status="PASS" endtime="20191114 14:48:58.950" starttime="20191114 14:48:58.949"></status>
</kw>
<msg level="TRACE" timestamp="20191114 14:48:58.950">Return: None</msg>
<status status="PASS" endtime="20191114 14:48:58.950" starttime="20191114 14:48:58.949"></status>
</kw>
<status status="PASS" endtime="20191114 14:48:58.950" critical="yes" starttime="20191114 14:48:58.948"></status>
</test>
<status status="PASS" endtime="20191114 14:48:58.950" starttime="20191114 14:48:58.832"></status>
</suite>
<status status="PASS" endtime="20191114 14:48:58.951" starttime="20191114 14:48:58.829"></status>
</suite>
<status status="PASS" endtime="20191114 14:48:58.952" starttime="20191114 14:48:58.826"></status>
</suite>
<status status="PASS" endtime="20191114 14:48:58.952" starttime="20191114 14:48:58.799"></status>
</suite>
<statistics>
<total>
<stat fail="0" pass="1">Critical Tests</stat>
<stat fail="0" pass="1">All Tests</stat>
</total>
<tag>
</tag>
<suite>
<stat name="NR" fail="0" pass="1" id="s1">NR</stat>
<stat name="UeSim" fail="0" pass="1" id="s1-s1">NR.UeSim</stat>
<stat name="SetupTlForManual" fail="0" pass="1" id="s1-s1-s1">NR.UeSim.SetupTlForManual</stat>
<stat name="Helloworld" fail="0" pass="1" id="s1-s1-s1-s1">NR.UeSim.SetupTlForManual.Helloworld</stat>
</suite>
</statistics>
<errors>
<msg level="WARN" timestamp="20191114 14:48:58.757">Collapsing consecutive whitespace during parsing is deprecated. Fix ' #' in file '/home/robot5g/NR/E500/tm500_nas_mode.robot' on line 31.</msg>
<msg level="WARN" timestamp="20191114 14:48:58.758">Collapsing consecutive whitespace during parsing is deprecated. Fix ' #' in file '/home/robot5g/NR/E500/tm500_nas_mode.robot' on line 32.</msg>
<msg level="WARN" timestamp="20191114 14:48:58.764">Error in file '/home/robot5g/NR/resources/nr_uesim.robot': Invalid syntax in keyword 'cu setup': Using 'IN Range' as a FOR loop separator is deprecated. Use 'IN RANGE' instead.</msg>
<msg level="WARN" timestamp="20191114 14:48:58.770">Error in file '/home/robot5g/NR/resources/nr_uesim.robot': Invalid syntax in keyword 'check UE attach': Using 'in range' as a FOR loop separator is deprecated. Use 'IN RANGE' instead.</msg>
</errors>
</robot>
